Grammar

    0 $accept: expr $end

    1 expr: LEFT_PAREN expr RIGHT_PAREN expr
    2     | IDENTIFIER
    3     | %empty


Terminals, with rules where they appear

$end (0) 0
error (256)
LEFT_PAREN (258) 1
RIGHT_PAREN (259) 1
IDENTIFIER (260) 2


Nonterminals, with rules where they appear

$accept (6)
    on left: 0
expr (7)
    on left: 1 2 3, on right: 0 1


State 0

    0 $accept: . expr $end

    LEFT_PAREN  shift, and go to state 1
    IDENTIFIER  shift, and go to state 2

    $default  reduce using rule 3 (expr)

    expr  go to state 3


State 1

    1 expr: LEFT_PAREN . expr RIGHT_PAREN expr

    LEFT_PAREN  shift, and go to state 1
    IDENTIFIER  shift, and go to state 2

    $default  reduce using rule 3 (expr)

    expr  go to state 4


State 2

    2 expr: IDENTIFIER .

    $default  reduce using rule 2 (expr)


State 3

    0 $accept: expr . $end

    $end  shift, and go to state 5


State 4

    1 expr: LEFT_PAREN expr . RIGHT_PAREN expr

    RIGHT_PAREN  shift, and go to state 6


State 5

    0 $accept: expr $end .

    $default  accept


State 6

    1 expr: LEFT_PAREN expr RIGHT_PAREN . expr

    LEFT_PAREN  shift, and go to state 1
    IDENTIFIER  shift, and go to state 2

    $default  reduce using rule 3 (expr)

    expr  go to state 7


State 7

    1 expr: LEFT_PAREN expr RIGHT_PAREN expr .

    $default  reduce using rule 1 (expr)
